<?xml version="1.0"?>
<!DOCTYPE coverage SYSTEM "http://cobertura.sourceforge.net/xml/coverage-04.dtd">
<coverage line-rate="0.9677419354838710" branch-rate="1.0000000000000000" lines-covered="30" lines-valid="31" branches-covered="0" branches-valid="0" complexity="0.0" timestamp="1553882138" version="Slather 2.4.6">
  <sources>
    <source>/Users/henriquemorbin/Projects/MemeGenerator</source>
  </sources>
  <packages>
    <package name="MemeGenerator" line-rate="0.9677419354838710" branch-rate="1.0000000000000000" complexity="0.0">
      <classes>
        <class name="AppDelegate" filename="MemeGenerator/AppDelegate.swift" line-rate="1.0000000000000000" branch-rate="1.0000000000000000" complexity="0.0">
          <methods/>
          <lines>
            <line number="8" branch="false" hits="1"/>
            <line number="9" branch="false" hits="1"/>
            <line number="10" branch="false" hits="1"/>
            <line number="11" branch="false" hits="1"/>
          </lines>
        </class>
        <class name="HomeViewController" filename="MemeGenerator/HomeViewController.swift" line-rate="0.9166666666666666" branch-rate="1.0000000000000000" complexity="0.0">
          <methods/>
          <lines>
            <line number="18" branch="false" hits="1"/>
            <line number="19" branch="false" hits="1"/>
            <line number="20" branch="false" hits="1"/>
            <line number="21" branch="false" hits="1"/>
            <line number="22" branch="false" hits="1"/>
            <line number="23" branch="false" hits="1"/>
            <line number="24" branch="false" hits="1"/>
            <line number="29" branch="false" hits="3"/>
            <line number="30" branch="false" hits="3"/>
            <line number="31" branch="false" hits="3"/>
            <line number="32" branch="false" hits="3"/>
            <line number="45" branch="false" hits="0"/>
          </lines>
        </class>
        <class name="HomeViewModel" filename="MemeGenerator/HomeViewModel.swift" line-rate="1.0000000000000000" branch-rate="1.0000000000000000" complexity="0.0">
          <methods/>
          <lines>
            <line number="17" branch="false" hits="5"/>
            <line number="18" branch="false" hits="5"/>
            <line number="19" branch="false" hits="5"/>
            <line number="20" branch="false" hits="5"/>
            <line number="21" branch="false" hits="9"/>
            <line number="22" branch="false" hits="5"/>
            <line number="23" branch="false" hits="5"/>
            <line number="24" branch="false" hits="5"/>
            <line number="25" branch="false" hits="5"/>
            <line number="29" branch="false" hits="1"/>
            <line number="34" branch="false" hits="4"/>
            <line number="35" branch="false" hits="4"/>
          </lines>
        </class>
        <class name="Placeholder" filename="MemeGenerator/Placeholder.swift" line-rate="1.0000000000000000" branch-rate="1.0000000000000000" complexity="0.0">
          <methods/>
          <lines>
            <line number="4" branch="false" hits="6"/>
            <line number="5" branch="false" hits="6"/>
            <line number="6" branch="false" hits="6"/>
          </lines>
        </class>
      </classes>
    </package>
  </packages>
</coverage>
